2021-11-04 02:30:46 DEBUG    Changing event name from creating-client-class.iot-data to creating-client-class.iot-data-plane
2021-11-04 02:30:46 DEBUG    Changing event name from before-call.apigateway to before-call.api-gateway
2021-11-04 02:30:46 DEBUG    Changing event name from request-created.machinelearning.Predict to request-created.machine-learning.Predict
2021-11-04 02:30:46 DEBUG    Changing event name from before-parameter-build.autoscaling.CreateLaunchConfiguration to before-parameter-build.auto-scaling.CreateLaunchConfiguration
2021-11-04 02:30:46 DEBUG    Changing event name from before-parameter-build.route53 to before-parameter-build.route-53
2021-11-04 02:30:46 DEBUG    Changing event name from request-created.cloudsearchdomain.Search to request-created.cloudsearch-domain.Search
2021-11-04 02:30:46 DEBUG    Changing event name from docs.*.autoscaling.CreateLaunchConfiguration.complete-section to docs.*.auto-scaling.CreateLaunchConfiguration.complete-section
2021-11-04 02:30:46 DEBUG    Changing event name from before-parameter-build.logs.CreateExportTask to before-parameter-build.cloudwatch-logs.CreateExportTask
2021-11-04 02:30:46 DEBUG    Changing event name from docs.*.logs.CreateExportTask.complete-section to docs.*.cloudwatch-logs.CreateExportTask.complete-section
2021-11-04 02:30:46 DEBUG    Changing event name from before-parameter-build.cloudsearchdomain.Search to before-parameter-build.cloudsearch-domain.Search
2021-11-04 02:30:46 DEBUG    Changing event name from docs.*.cloudsearchdomain.Search.complete-section to docs.*.cloudsearch-domain.Search.complete-section
2021-11-04 02:30:46 DEBUG    Loading JSON file: /home/ubuntu/skripsi/skripsi/lib/python3.8/site-packages/botocore/data/endpoints.json
2021-11-04 02:30:46 DEBUG    Event choose-service-name: calling handler <function handle_service_name_alias at 0x7fdf7d85e040>
2021-11-04 02:30:46 DEBUG    Loading JSON file: /home/ubuntu/skripsi/skripsi/lib/python3.8/site-packages/botocore/data/s3/2006-03-01/service-2.json
2021-11-04 02:30:46 DEBUG    Event creating-client-class.s3: calling handler <function add_generate_presigned_post at 0x7fdf7d87c3a0>
2021-11-04 02:30:46 DEBUG    Event creating-client-class.s3: calling handler <function lazy_call.<locals>._handler at 0x7fdf9046ce50>
2021-11-04 02:30:46 DEBUG    Event creating-client-class.s3: calling handler <function add_generate_presigned_url at 0x7fdf7d87c160>
2021-11-04 02:30:46 DEBUG    Setting s3 timeout as (60, 60)
2021-11-04 02:30:46 DEBUG    Loading JSON file: /home/ubuntu/skripsi/skripsi/lib/python3.8/site-packages/botocore/data/_retry.json
2021-11-04 02:30:46 DEBUG    Registering retry handlers for service: s3
2021-11-04 02:30:46 DEBUG    Event choose-service-name: calling handler <function handle_service_name_alias at 0x7fdf7d85e040>
2021-11-04 02:30:46 DEBUG    Loading JSON file: /home/ubuntu/skripsi/skripsi/lib/python3.8/site-packages/botocore/data/dynamodb/2012-08-10/service-2.json
2021-11-04 02:30:46 DEBUG    Event creating-client-class.dynamodb: calling handler <function add_generate_presigned_url at 0x7fdf7d87c160>
2021-11-04 02:30:46 DEBUG    Setting dynamodb timeout as (60, 60)
2021-11-04 02:30:46 DEBUG    Registering retry handlers for service: dynamodb
